<?xml version="1.0" encoding="UTF-8"?>
<!-- Generated by org.testng.reporters.JUnitXMLReporter -->
<testsuite ignored="0" hostname="TOSHIBA-PC" failures="0" tests="5" name="Default test" time="23.096" errors="0" timestamp="2022-02-28T16:59:41 IST">
  <testcase classname="test.TestNGTestClassForChrome" name="toVerifyTaskTab" time="4.501"/>
  <testcase classname="test.TestNGTestClassForChrome" name="toVerifyReportTab" time="2.8"/>
  <testcase classname="test.TestNGTestClassForChrome" name="toVerifyUserTab" time="3.74"/>
  <testcase classname="test.TestNGTestClassForChrome" name="toVerifyWorkScheduleTab" time="1.447"/>
  <testcase classname="test.TestNGTestClassForChrome" name="toVerifyTimeTrackTab" time="0.512"/>
</testsuite> <!-- Default test -->
