<?xml version="1.0" encoding="UTF-8"?>
<!-- Generated by org.testng.reporters.JUnitXMLReporter -->
<testsuite ignored="0" hostname="TOSHIBA-PC" failures="0" tests="5" name="ChromeTest" time="19.447" errors="0" timestamp="2022-02-23T21:56:02 IST">
  <testcase classname="test.TestNGTestClassForChrome" name="toVerifyTaskTab" time="2.236"/>
  <testcase classname="test.TestNGTestClassForChrome" name="toVerifyReportTab" time="1.236"/>
  <testcase classname="test.TestNGTestClassForChrome" name="toVerifyUserTab" time="1.93"/>
  <testcase classname="test.TestNGTestClassForChrome" name="toVerifyWorkScheduleTab" time="0.922"/>
  <testcase classname="test.TestNGTestClassForChrome" name="toVerifyTimeTrackTab" time="0.399"/>
</testsuite> <!-- ChromeTest -->
