<?xml version="1.0" encoding="UTF-8"?>
<!-- Generated by org.testng.reporters.JUnitXMLReporter -->
<testsuite ignored="0" hostname="TOSHIBA-PC" failures="0" tests="5" name="fireFoxTest" time="23.28" errors="0" timestamp="2022-02-23T21:56:26 IST">
  <testcase classname="test.TestNGTestClassForFirefox" name="toVerifyTaskTab" time="0.765"/>
  <testcase classname="test.TestNGTestClassForFirefox" name="toVerifyReportTab" time="0.758"/>
  <testcase classname="test.TestNGTestClassForFirefox" name="toVerifyUserTab" time="1.111"/>
  <testcase classname="test.TestNGTestClassForFirefox" name="toVerifyWorkScheduleTab" time="0.286"/>
  <testcase classname="test.TestNGTestClassForFirefox" name="toVerifyTimeTrackTab" time="0.246"/>
</testsuite> <!-- fireFoxTest -->
