<?xml version="1.0" encoding="UTF-8"?>
<!-- Generated by org.testng.reporters.JUnitXMLReporter -->
<testsuite ignored="1" hostname="TOSHIBA-PC" failures="0" tests="5" name="Test" time="0.112" errors="0" timestamp="2022-02-13T01:01:48 IST">
  <testcase classname="test.TestClass123" name="testA" time="0.012"/>
  <testcase classname="test.TestClass123" name="testB" time="0.003"/>
  <testcase classname="test.TestClass456" name="testD" time="0.002"/>
  <testcase classname="test.TestClass456" name="testE" time="0.002"/>
  <testcase classname="test.TestClass456" name="testF" time="0.002"/>
  <testcase classname="test.TestClass123" name="testC" time="0.0">
    <ignored/>
  </testcase> <!-- testC -->
</testsuite> <!-- Test -->
